Args in experiment:
Namespace(activation='gelu', affine=0, batch_size=1024, c_out=7, checkpoints='./checkpoints/', d_ff=2048, d_layers=1, d_model=256, data='ETTh2', data_path='ETTh2.csv', dec_in=7, decomposition=0, des='Exp', devices='0,1', distil=True, do_predict=False, dropout=0.2, e_layers=1, embed='timeF', embed_type=0, enc_in=7, factor=1, fc_dropout=0.05, features='M', freq='h', gpu=0, head_dropout=0.0, individual=0, is_training=1, itr=1, kernel_size=25, label_len=0, learning_rate=0.0001, loss='mse', loss_flag=2, lradj='type3', mixer_kernel_size=8, model='PatchMixer', model_id='336_336', moving_avg=25, n_heads=8, num_workers=10, output_attention=False, padding_patch='end', patch_len=16, patience=10, pct_start=0.3, pred_len=336, random_seed=2021, revin=1, root_path='./dataset/ETT-small/', seq_len=336, stride=8, subtract_last=0, target='OT', test_flop=False, train_epochs=100, use_amp=False, use_gpu=True, use_multi_gpu=False)
Use GPU: cuda:0
>>>>>>>start training : loss_flag2_lr0.0001_dm256_336_336_PatchMixer_ETTh2_ftM_sl336_pl336_p16s8_random2021_0>>>>>>>>>>>>>>>>>>>>>>>>>>
train 7969
val 2545
test 2545
Epoch: 1 cost time: 1.9543814659118652
vali loss: 0.48652222752571106
vali loss: 0.3484574258327484
Epoch: 1, Steps: 7 | Train Loss: 0.6560750 Vali Loss: 0.4903232 Test Loss: 0.3767446
Validation loss decreased (inf --> 0.490323).  Saving model ...
Updating learning rate to 0.0001
Epoch: 2 cost time: 2.015028238296509
vali loss: 0.376230388879776
vali loss: 0.3507058322429657
Epoch: 2, Steps: 7 | Train Loss: 0.6112263 Vali Loss: 0.3994570 Test Loss: 0.3728139
Validation loss decreased (0.490323 --> 0.399457).  Saving model ...
Updating learning rate to 0.0001
Epoch: 3 cost time: 2.0778818130493164
vali loss: 0.3902050852775574
vali loss: 0.3333476185798645
Epoch: 3, Steps: 7 | Train Loss: 0.5895270 Vali Loss: 0.4131874 Test Loss: 0.3610140
EarlyStopping counter: 1 out of 10
Updating learning rate to 0.0001
Epoch: 4 cost time: 1.9791455268859863
vali loss: 0.3764275312423706
vali loss: 0.31668081879615784
Epoch: 4, Steps: 7 | Train Loss: 0.5564975 Vali Loss: 0.4011744 Test Loss: 0.3458675
EarlyStopping counter: 2 out of 10
Updating learning rate to 9e-05
Epoch: 5 cost time: 2.0488169193267822
vali loss: 0.3693396747112274
vali loss: 0.31496357917785645
Epoch: 5, Steps: 7 | Train Loss: 0.5422189 Vali Loss: 0.3944929 Test Loss: 0.3430353
Validation loss decreased (0.399457 --> 0.394493).  Saving model ...
Updating learning rate to 8.1e-05
Epoch: 6 cost time: 2.027019500732422
vali loss: 0.3670453727245331
vali loss: 0.316697359085083
Epoch: 6, Steps: 7 | Train Loss: 0.5362064 Vali Loss: 0.3923389 Test Loss: 0.3442436
Validation loss decreased (0.394493 --> 0.392339).  Saving model ...
Updating learning rate to 7.290000000000001e-05
Epoch: 7 cost time: 2.028616428375244
vali loss: 0.36269229650497437
vali loss: 0.3152661919593811
Epoch: 7, Steps: 7 | Train Loss: 0.5286021 Vali Loss: 0.3881564 Test Loss: 0.3430244
Validation loss decreased (0.392339 --> 0.388156).  Saving model ...
Updating learning rate to 6.561e-05
Epoch: 8 cost time: 2.0104188919067383
vali loss: 0.35948699712753296
vali loss: 0.3142412304878235
Epoch: 8, Steps: 7 | Train Loss: 0.5192993 Vali Loss: 0.3856075 Test Loss: 0.3419717
Validation loss decreased (0.388156 --> 0.385607).  Saving model ...
Updating learning rate to 5.904900000000001e-05
Epoch: 9 cost time: 2.0758683681488037
vali loss: 0.362812340259552
vali loss: 0.31518375873565674
Epoch: 9, Steps: 7 | Train Loss: 0.5178508 Vali Loss: 0.3869170 Test Loss: 0.3424326
EarlyStopping counter: 1 out of 10
Updating learning rate to 5.3144100000000005e-05
Epoch: 10 cost time: 2.3495893478393555
vali loss: 0.3621408939361572
vali loss: 0.3151131868362427
Epoch: 10, Steps: 7 | Train Loss: 0.5104026 Vali Loss: 0.3870191 Test Loss: 0.3422842
EarlyStopping counter: 2 out of 10
Updating learning rate to 4.782969000000001e-05
Epoch: 11 cost time: 2.2934954166412354
vali loss: 0.3609881103038788
vali loss: 0.31546348333358765
Epoch: 11, Steps: 7 | Train Loss: 0.5072458 Vali Loss: 0.3857906 Test Loss: 0.3423201
EarlyStopping counter: 3 out of 10
Updating learning rate to 4.304672100000001e-05
Epoch: 12 cost time: 2.2836947441101074
vali loss: 0.3559360206127167
vali loss: 0.31587180495262146
Epoch: 12, Steps: 7 | Train Loss: 0.5026030 Vali Loss: 0.3818882 Test Loss: 0.3422634
Validation loss decreased (0.385607 --> 0.381888).  Saving model ...
Updating learning rate to 3.874204890000001e-05
Epoch: 13 cost time: 2.295773506164551
vali loss: 0.3564230799674988
vali loss: 0.31551411747932434
Epoch: 13, Steps: 7 | Train Loss: 0.5036689 Vali Loss: 0.3821106 Test Loss: 0.3418161
EarlyStopping counter: 1 out of 10
Updating learning rate to 3.486784401000001e-05
Epoch: 14 cost time: 2.2844040393829346
vali loss: 0.3588144779205322
vali loss: 0.3153497874736786
Epoch: 14, Steps: 7 | Train Loss: 0.4949217 Vali Loss: 0.3837860 Test Loss: 0.3415074
EarlyStopping counter: 2 out of 10
Updating learning rate to 3.138105960900001e-05
Epoch: 15 cost time: 2.299862861633301
vali loss: 0.35972750186920166
vali loss: 0.3157680332660675
Epoch: 15, Steps: 7 | Train Loss: 0.4977936 Vali Loss: 0.3844851 Test Loss: 0.3416555
EarlyStopping counter: 3 out of 10
Updating learning rate to 2.824295364810001e-05
Epoch: 16 cost time: 2.278001070022583
vali loss: 0.35970330238342285
vali loss: 0.31598007678985596
Epoch: 16, Steps: 7 | Train Loss: 0.4964686 Vali Loss: 0.3839449 Test Loss: 0.3417600
EarlyStopping counter: 4 out of 10
Updating learning rate to 2.541865828329001e-05
Epoch: 17 cost time: 2.3474254608154297
vali loss: 0.3533649444580078
vali loss: 0.316166490316391
Epoch: 17, Steps: 7 | Train Loss: 0.4956704 Vali Loss: 0.3795523 Test Loss: 0.3419241
Validation loss decreased (0.381888 --> 0.379552).  Saving model ...
Updating learning rate to 2.287679245496101e-05
Epoch: 18 cost time: 2.2595019340515137
vali loss: 0.36037296056747437
vali loss: 0.3165758550167084
Epoch: 18, Steps: 7 | Train Loss: 0.4888376 Vali Loss: 0.3845352 Test Loss: 0.3421623
EarlyStopping counter: 1 out of 10
Updating learning rate to 2.0589113209464907e-05
Epoch: 19 cost time: 2.2411623001098633
vali loss: 0.3588111996650696
vali loss: 0.3167116940021515
Epoch: 19, Steps: 7 | Train Loss: 0.4888257 Vali Loss: 0.3831391 Test Loss: 0.3421927
EarlyStopping counter: 2 out of 10
Updating learning rate to 1.8530201888518416e-05
Epoch: 20 cost time: 2.337524890899658
vali loss: 0.35576915740966797
vali loss: 0.3170681297779083
Epoch: 20, Steps: 7 | Train Loss: 0.4880759 Vali Loss: 0.3811347 Test Loss: 0.3424368
EarlyStopping counter: 3 out of 10
Updating learning rate to 1.6677181699666577e-05
Epoch: 21 cost time: 2.267364978790283
vali loss: 0.3630291223526001
vali loss: 0.31753939390182495
Epoch: 21, Steps: 7 | Train Loss: 0.4866166 Vali Loss: 0.3859155 Test Loss: 0.3427371
EarlyStopping counter: 4 out of 10
Updating learning rate to 1.5009463529699919e-05
Epoch: 22 cost time: 2.3184709548950195
vali loss: 0.3560059070587158
vali loss: 0.3173843324184418
Epoch: 22, Steps: 7 | Train Loss: 0.4871949 Vali Loss: 0.3809469 Test Loss: 0.3426109
EarlyStopping counter: 5 out of 10
Updating learning rate to 1.3508517176729929e-05
Epoch: 23 cost time: 2.2281625270843506
vali loss: 0.3571012616157532
vali loss: 0.31754595041275024
Epoch: 23, Steps: 7 | Train Loss: 0.4864109 Vali Loss: 0.3816748 Test Loss: 0.3427005
EarlyStopping counter: 6 out of 10
Updating learning rate to 1.2157665459056936e-05
Epoch: 24 cost time: 2.3304426670074463
vali loss: 0.3567848205566406
vali loss: 0.3176354765892029
Epoch: 24, Steps: 7 | Train Loss: 0.4855538 Vali Loss: 0.3813335 Test Loss: 0.3427599
EarlyStopping counter: 7 out of 10
Updating learning rate to 1.0941898913151242e-05
Epoch: 25 cost time: 2.3202457427978516
vali loss: 0.36091989278793335
vali loss: 0.3178362250328064
Epoch: 25, Steps: 7 | Train Loss: 0.4854544 Vali Loss: 0.3843060 Test Loss: 0.3428864
EarlyStopping counter: 8 out of 10
Updating learning rate to 9.847709021836118e-06
Epoch: 26 cost time: 2.3421480655670166
vali loss: 0.35943830013275146
vali loss: 0.3179163634777069
Epoch: 26, Steps: 7 | Train Loss: 0.4821499 Vali Loss: 0.3834820 Test Loss: 0.3429358
EarlyStopping counter: 9 out of 10
Updating learning rate to 8.862938119652508e-06
Epoch: 27 cost time: 2.3345117568969727
vali loss: 0.35782891511917114
vali loss: 0.3180512487888336
Epoch: 27, Steps: 7 | Train Loss: 0.4842081 Vali Loss: 0.3820413 Test Loss: 0.3430412
EarlyStopping counter: 10 out of 10
Early stopping
>>>>>>>testing : loss_flag2_lr0.0001_dm256_336_336_PatchMixer_ETTh2_ftM_sl336_pl336_p16s8_random2021_0<<<<<<<<<<<<<<<<<<<<<<<<<<<<<<<<<
test 2545
mse:0.316166490316391, mae:0.367681622505188, rse:0.45668908953666687
