Args in experiment:
Namespace(activation='gelu', affine=0, batch_size=1024, c_out=7, checkpoints='./checkpoints/', d_ff=2048, d_layers=1, d_model=256, data='ETTh1', data_path='ETTh1.csv', dec_in=7, decomposition=0, des='Exp', devices='0,1', distil=True, do_predict=False, dropout=0.2, e_layers=1, embed='timeF', embed_type=0, enc_in=7, factor=1, fc_dropout=0.05, features='M', freq='h', gpu=0, head_dropout=0.0, individual=0, is_training=1, itr=1, kernel_size=25, label_len=0, learning_rate=0.0001, loss='mse', loss_flag=2, lradj='type3', mixer_kernel_size=8, model='PatchMixer', model_id='336_336', moving_avg=25, n_heads=8, num_workers=10, output_attention=False, padding_patch='end', patch_len=16, patience=10, pct_start=0.3, pred_len=336, random_seed=2021, revin=1, root_path='./dataset/ETT-small/', seq_len=336, stride=8, subtract_last=0, target='OT', test_flop=False, train_epochs=100, use_amp=False, use_gpu=True, use_multi_gpu=False)
Use GPU: cuda:0
>>>>>>>start training : loss_flag2_lr0.0001_dm256_336_336_PatchMixer_ETTh1_ftM_sl336_pl336_p16s8_random2021_0>>>>>>>>>>>>>>>>>>>>>>>>>>
train 7969
val 2545
test 2545
Epoch: 1 cost time: 2.42635440826416
Epoch: 1, Steps: 7 | Train Loss: 0.6699393 Vali Loss: 1.2919877 Test Loss: 0.6342477
Validation loss decreased (inf --> 1.291988).  Saving model ...
Updating learning rate to 0.0001
Epoch: 2 cost time: 2.4644083976745605
Epoch: 2, Steps: 7 | Train Loss: 0.5835416 Vali Loss: 1.2639598 Test Loss: 0.6451161
Validation loss decreased (1.291988 --> 1.263960).  Saving model ...
Updating learning rate to 0.0001
Epoch: 3 cost time: 2.458801746368408
Epoch: 3, Steps: 7 | Train Loss: 0.5816471 Vali Loss: 1.1140969 Test Loss: 0.5093560
Validation loss decreased (1.263960 --> 1.114097).  Saving model ...
Updating learning rate to 0.0001
Epoch: 4 cost time: 2.4288747310638428
Epoch: 4, Steps: 7 | Train Loss: 0.5179240 Vali Loss: 1.0147917 Test Loss: 0.4579982
Validation loss decreased (1.114097 --> 1.014792).  Saving model ...
Updating learning rate to 9e-05
Epoch: 5 cost time: 2.5192644596099854
Epoch: 5, Steps: 7 | Train Loss: 0.5009472 Vali Loss: 0.9766743 Test Loss: 0.4286596
Validation loss decreased (1.014792 --> 0.976674).  Saving model ...
Updating learning rate to 8.1e-05
Epoch: 6 cost time: 2.436718463897705
Epoch: 6, Steps: 7 | Train Loss: 0.4901698 Vali Loss: 0.9588525 Test Loss: 0.4134579
Validation loss decreased (0.976674 --> 0.958852).  Saving model ...
Updating learning rate to 7.290000000000001e-05
Epoch: 7 cost time: 2.387472629547119
Epoch: 7, Steps: 7 | Train Loss: 0.4812007 Vali Loss: 0.9696225 Test Loss: 0.4180860
EarlyStopping counter: 1 out of 10
Updating learning rate to 6.561e-05
Epoch: 8 cost time: 2.492220878601074
Epoch: 8, Steps: 7 | Train Loss: 0.4785002 Vali Loss: 0.9775502 Test Loss: 0.4165049
EarlyStopping counter: 2 out of 10
Updating learning rate to 5.904900000000001e-05
Epoch: 9 cost time: 2.457690477371216
Epoch: 9, Steps: 7 | Train Loss: 0.4727860 Vali Loss: 0.9883136 Test Loss: 0.4115508
EarlyStopping counter: 3 out of 10
Updating learning rate to 5.3144100000000005e-05
Epoch: 10 cost time: 2.462942123413086
Epoch: 10, Steps: 7 | Train Loss: 0.4718785 Vali Loss: 0.9688109 Test Loss: 0.4064894
EarlyStopping counter: 4 out of 10
Updating learning rate to 4.782969000000001e-05
Epoch: 11 cost time: 2.4068703651428223
Epoch: 11, Steps: 7 | Train Loss: 0.4687928 Vali Loss: 0.9561192 Test Loss: 0.4032366
Validation loss decreased (0.958852 --> 0.956119).  Saving model ...
Updating learning rate to 4.304672100000001e-05
Epoch: 12 cost time: 2.421861410140991
Epoch: 12, Steps: 7 | Train Loss: 0.4678879 Vali Loss: 0.9555362 Test Loss: 0.4018722
Validation loss decreased (0.956119 --> 0.955536).  Saving model ...
Updating learning rate to 3.874204890000001e-05
Epoch: 13 cost time: 2.492814064025879
Epoch: 13, Steps: 7 | Train Loss: 0.4655419 Vali Loss: 0.9598248 Test Loss: 0.4018766
EarlyStopping counter: 1 out of 10
Updating learning rate to 3.486784401000001e-05
Epoch: 14 cost time: 2.4669339656829834
Epoch: 14, Steps: 7 | Train Loss: 0.4646204 Vali Loss: 0.9542334 Test Loss: 0.4022399
Validation loss decreased (0.955536 --> 0.954233).  Saving model ...
Updating learning rate to 3.138105960900001e-05
Epoch: 15 cost time: 2.4697787761688232
Epoch: 15, Steps: 7 | Train Loss: 0.4644673 Vali Loss: 0.9690292 Test Loss: 0.4021559
EarlyStopping counter: 1 out of 10
Updating learning rate to 2.824295364810001e-05
Epoch: 16 cost time: 2.552794933319092
Epoch: 16, Steps: 7 | Train Loss: 0.4625958 Vali Loss: 0.9769260 Test Loss: 0.4018757
EarlyStopping counter: 2 out of 10
Updating learning rate to 2.541865828329001e-05
Epoch: 17 cost time: 2.5560178756713867
Epoch: 17, Steps: 7 | Train Loss: 0.4629256 Vali Loss: 0.9656671 Test Loss: 0.4012234
EarlyStopping counter: 3 out of 10
Updating learning rate to 2.287679245496101e-05
Epoch: 18 cost time: 2.5038318634033203
Epoch: 18, Steps: 7 | Train Loss: 0.4629660 Vali Loss: 0.9647821 Test Loss: 0.4005095
EarlyStopping counter: 4 out of 10
Updating learning rate to 2.0589113209464907e-05
Epoch: 19 cost time: 2.4646949768066406
Epoch: 19, Steps: 7 | Train Loss: 0.4614502 Vali Loss: 0.9711190 Test Loss: 0.3997732
EarlyStopping counter: 5 out of 10
Updating learning rate to 1.8530201888518416e-05
Epoch: 20 cost time: 2.430203914642334
Epoch: 20, Steps: 7 | Train Loss: 0.4600004 Vali Loss: 0.9686068 Test Loss: 0.3992713
EarlyStopping counter: 6 out of 10
Updating learning rate to 1.6677181699666577e-05
Epoch: 21 cost time: 2.5485124588012695
Epoch: 21, Steps: 7 | Train Loss: 0.4617291 Vali Loss: 0.9657729 Test Loss: 0.3992128
EarlyStopping counter: 7 out of 10
Updating learning rate to 1.5009463529699919e-05
Epoch: 22 cost time: 2.458524703979492
Epoch: 22, Steps: 7 | Train Loss: 0.4604946 Vali Loss: 0.9703137 Test Loss: 0.3993880
EarlyStopping counter: 8 out of 10
Updating learning rate to 1.3508517176729929e-05
Epoch: 23 cost time: 2.5583536624908447
Epoch: 23, Steps: 7 | Train Loss: 0.4594441 Vali Loss: 0.9698902 Test Loss: 0.3994252
EarlyStopping counter: 9 out of 10
Updating learning rate to 1.2157665459056936e-05
Epoch: 24 cost time: 2.465104341506958
Epoch: 24, Steps: 7 | Train Loss: 0.4597973 Vali Loss: 0.9654953 Test Loss: 0.3994873
EarlyStopping counter: 10 out of 10
Early stopping
>>>>>>>testing : loss_flag2_lr0.0001_dm256_336_336_PatchMixer_ETTh1_ftM_sl336_pl336_p16s8_random2021_0<<<<<<<<<<<<<<<<<<<<<<<<<<<<<<<<<
test 2545
mse:0.392769455909729, mae:0.41171038150787354, rse:0.6091424226760864
